<?xml version="1.0" encoding="UTF-8"?>
<!-- Generated by org.testng.reporters.JUnitReportReporter -->
<testsuite skipped="0" hostname="user-PC" name="guru.LoginParameterize" tests="1" failures="0" timestamp="09 May 2018 07:20:24 GMT" time="20.906" errors="0">
  <testcase name="loginnavpara" time="20.906" classname="guru.LoginParameterize"/>
</testsuite> <!-- guru.LoginParameterize -->
